{
  "0 debug pnpm:scope": {
    "selected": 1
  },
  "1 error pnpm": {
    "code": "ELIFECYCLE",
    "errno": "ENOENT",
    "syscall": "spawn",
    "file": "sh",
    "pkgid": "vue-vite@0.0.0",
    "stage": "dev",
    "script": "vite",
    "pkgname": "vue-vite",
    "err": {
      "name": "pnpm",
      "message": "vue-vite@0.0.0 dev: `vite`\nspawn ENOENT",
      "code": "ELIFECYCLE",
      "stack": "pnpm: vue-vite@0.0.0 dev: `vite`\nspawn ENOENT\n    at ChildProcess.<anonymous> (/opt/homebrew/Cellar/node/16.4.2/pnpm-global/5/node_modules/.pnpm/pnpm@6.15.1/node_modules/pnpm/dist/pnpm.cjs:92871:22)\n    at ChildProcess.emit (node:events:394:28)\n    at maybeClose (node:internal/child_process:1067:16)\n    at Process.ChildProcess._handle.onexit (node:internal/child_process:301:5)"
    }
  },
  "2 warn pnpm:global": " Local package.json exists, but node_modules missing, did you mean to install?"
}